[debug] [2025-12-01T17:15:44.413Z] ----------------------------------------------------------------------
[debug] [2025-12-01T17:15:44.414Z] Command:       /usr/local/share/nvm/versions/node/v22.21.1/bin/node /home/codespace/nvm/current/bin/firebase init
[debug] [2025-12-01T17:15:44.415Z] CLI Version:   14.26.0
[debug] [2025-12-01T17:15:44.415Z] Platform:      linux
[debug] [2025-12-01T17:15:44.415Z] Node Version:  v22.21.1
[debug] [2025-12-01T17:15:44.415Z] Time:          Mon Dec 01 2025 17:15:44 GMT+0000 (Coordinated Universal Time)
[debug] [2025-12-01T17:15:44.415Z] Env Overrides: GITHUB_API_URL, GITHUB_API_URL
[debug] [2025-12-01T17:15:44.416Z] ----------------------------------------------------------------------
[debug] 
[info] 
     ######## #### ########  ######## ########     ###     ######  ########
     ##        ##  ##     ## ##       ##     ##  ##   ##  ##       ##
     ######    ##  ########  ######   ########  #########  ######  ######
     ##        ##  ##    ##  ##       ##     ## ##     ##       ## ##
     ##       #### ##     ## ######## ########  ##     ##  ######  ########

You're about to initialize a Firebase project in this directory:

  /workspaces/PhotoVerse

Before we get started, keep in mind:

  * You are currently outside your home directory

[info] 
=== Project Setup
[info] 
[info] First, let's associate this project directory with a Firebase project.
[info] You can create multiple project aliases by running firebase use --add, 
[info] 
[debug] [2025-12-01T17:16:21.541Z] > command requires scopes: ["email","openid","https://www.googleapis.com/auth/cloudplatformprojects.readonly","https://www.googleapis.com/auth/firebase","https://www.googleapis.com/auth/cloud-platform"]
[debug] [2025-12-01T17:16:21.542Z] > authorizing via signed-in user (cassiano.becker@institutoivoti.com.br)
[debug] [2025-12-01T17:16:21.543Z] Checked if tokens are valid: true, expires at: 1764612911200
[debug] [2025-12-01T17:16:21.543Z] Checked if tokens are valid: true, expires at: 1764612911200
[debug] [2025-12-01T17:16:21.544Z] >>> [apiv2][query] GET https://firebase.googleapis.com/v1beta1/projects pageSize=100
[debug] [2025-12-01T17:16:21.940Z] <<< [apiv2][status] GET https://firebase.googleapis.com/v1beta1/projects 200
[debug] [2025-12-01T17:16:21.941Z] <<< [apiv2][body] GET https://firebase.googleapis.com/v1beta1/projects [omitted]
[info] 
=== Hosting Setup
[debug] [2025-12-01T17:16:25.540Z] Checked if tokens are valid: true, expires at: 1764612911200
[debug] [2025-12-01T17:16:25.540Z] Checked if tokens are valid: true, expires at: 1764612911200
[debug] [2025-12-01T17:16:25.540Z] >>> [apiv2][query] GET https://firebase.googleapis.com/v1beta1/projects/photoverse-53852 [none]
[debug] [2025-12-01T17:16:25.830Z] <<< [apiv2][status] GET https://firebase.googleapis.com/v1beta1/projects/photoverse-53852 200
[debug] [2025-12-01T17:16:25.830Z] <<< [apiv2][body] GET https://firebase.googleapis.com/v1beta1/projects/photoverse-53852 {"projectId":"photoverse-53852","projectNumber":"291140576216","displayName":"PhotoVerse","name":"projects/photoverse-53852","resources":{"hostingSite":"photoverse-53852"},"state":"ACTIVE","etag":"1_29a94173-e239-44bb-ba4d-da1df92859c5"}
[info] 
[info] Your public directory is the folder (relative to your project directory) that
[info] will contain Hosting assets to be uploaded with firebase deploy. If you
[info] have a build process for your assets, use your build's output directory.
[info] 
[info] 
[info] i  Detected a .git folder at /workspaces/PhotoVerse 
[info] i  Authorizing with GitHub to upload your service account to a GitHub repository's secrets store. 
[info] 
[info] Visit this URL on this device to log in:
[info] https://github.com/login/oauth/authorize?client_id=89cf50f02ac6aaed3484&state=162416827&redirect_uri=http%3A%2F%2Flocalhost%3A9005&scope=read%3Auser%20repo%20public_repo
[info] 
[info] Waiting for authentication...
